Vivado Simulator 2020.1
Time resolution is 1 ps
Note: Stimulus process started
Time: 0 ps  Iteration: 0  Process: /tb_hex_7seg/p_stimulus  File: D:/Documents/xmastn02/digital-electronics-1/labs/04-segment/display/display.srcs/sim_1/new/tb_hex_7seg.vhd
Error: Input combination 0000 FAILED
Time: 200 ns  Iteration: 0  Process: /tb_hex_7seg/p_stimulus  File: D:/Documents/xmastn02/digital-electronics-1/labs/04-segment/display/display.srcs/sim_1/new/tb_hex_7seg.vhd
Error: Input combination 0000 FAILED
Time: 250 ns  Iteration: 0  Process: /tb_hex_7seg/p_stimulus  File: D:/Documents/xmastn02/digital-electronics-1/labs/04-segment/display/display.srcs/sim_1/new/tb_hex_7seg.vhd
Error: Input combination 0000 FAILED
Time: 300 ns  Iteration: 0  Process: /tb_hex_7seg/p_stimulus  File: D:/Documents/xmastn02/digital-electronics-1/labs/04-segment/display/display.srcs/sim_1/new/tb_hex_7seg.vhd
Error: Input combination 0000 FAILED
Time: 350 ns  Iteration: 0  Process: /tb_hex_7seg/p_stimulus  File: D:/Documents/xmastn02/digital-electronics-1/labs/04-segment/display/display.srcs/sim_1/new/tb_hex_7seg.vhd
Error: Input combination 0000 FAILED
Time: 400 ns  Iteration: 0  Process: /tb_hex_7seg/p_stimulus  File: D:/Documents/xmastn02/digital-electronics-1/labs/04-segment/display/display.srcs/sim_1/new/tb_hex_7seg.vhd
Error: Input combination 0000 FAILED
Time: 450 ns  Iteration: 0  Process: /tb_hex_7seg/p_stimulus  File: D:/Documents/xmastn02/digital-electronics-1/labs/04-segment/display/display.srcs/sim_1/new/tb_hex_7seg.vhd
Error: Input combination 0000 FAILED
Time: 500 ns  Iteration: 0  Process: /tb_hex_7seg/p_stimulus  File: D:/Documents/xmastn02/digital-electronics-1/labs/04-segment/display/display.srcs/sim_1/new/tb_hex_7seg.vhd
Error: Input combination 0000 FAILED
Time: 550 ns  Iteration: 0  Process: /tb_hex_7seg/p_stimulus  File: D:/Documents/xmastn02/digital-electronics-1/labs/04-segment/display/display.srcs/sim_1/new/tb_hex_7seg.vhd
Error: Input combination 0000 FAILED
Time: 600 ns  Iteration: 0  Process: /tb_hex_7seg/p_stimulus  File: D:/Documents/xmastn02/digital-electronics-1/labs/04-segment/display/display.srcs/sim_1/new/tb_hex_7seg.vhd
Error: Input combination 0000 FAILED
Time: 650 ns  Iteration: 0  Process: /tb_hex_7seg/p_stimulus  File: D:/Documents/xmastn02/digital-electronics-1/labs/04-segment/display/display.srcs/sim_1/new/tb_hex_7seg.vhd
Error: Input combination 0000 FAILED
Time: 700 ns  Iteration: 0  Process: /tb_hex_7seg/p_stimulus  File: D:/Documents/xmastn02/digital-electronics-1/labs/04-segment/display/display.srcs/sim_1/new/tb_hex_7seg.vhd
Error: Input combination 0000 FAILED
Time: 750 ns  Iteration: 0  Process: /tb_hex_7seg/p_stimulus  File: D:/Documents/xmastn02/digital-electronics-1/labs/04-segment/display/display.srcs/sim_1/new/tb_hex_7seg.vhd
Error: Input combination 0000 FAILED
Time: 800 ns  Iteration: 0  Process: /tb_hex_7seg/p_stimulus  File: D:/Documents/xmastn02/digital-electronics-1/labs/04-segment/display/display.srcs/sim_1/new/tb_hex_7seg.vhd
Note: Stimulus process finished
Time: 800 ns  Iteration: 0  Process: /tb_hex_7seg/p_stimulus  File: D:/Documents/xmastn02/digital-electronics-1/labs/04-segment/display/display.srcs/sim_1/new/tb_hex_7seg.vhd
